app/build/outputs/mapping/release/seeds.txt
dev.vic41148.somn.feature.tracking.service.SleepTrackingService
dev.vic41148.somn.app.widget.MorningBriefingWidget
dev.vic41148.somn.app.SomnApp_GeneratedInjector
dev.vic41148.somn.feature.tracking.service.SleepTrackingService_GeneratedInjector
dev.vic41148.somn.app.SomnApp
dev.vic41148.somn.feature.alarm.service.AlarmService_GeneratedInjector
dev.vic41148.somn.feature.settings.SettingsViewModel
dev.vic41148.somn.app.MainActivity_GeneratedInjector
dev.vic41148.somn.feature.tracking.SleepTrackingViewModel
dev.vic41148.somn.feature.alarm.receiver.AlarmReceiver
dev.vic41148.somn.feature.habits.HabitViewModel
dev.vic41148.somn.core.data.database.SleepDatabase_Impl
dev.vic41148.somn.feature.onboarding.OnboardingViewModel
dev.vic41148.somn.feature.alarm.service.AlarmService
dev.vic41148.somn.core.data.database.SleepDatabase
dev.vic41148.somn.feature.analytics.AnalyticsViewModel
dev.vic41148.somn.feature.analytics.CircadianViewModel
dev.vic41148.somn.app.MainActivity
dev.vic41148.somn.feature.alarm.AlarmViewModel
dev.vic41148.somn.feature.tracking.service.SleepTrackingService: SleepTrackingService()
dev.vic41148.somn.core.domain.model.Season: dev.vic41148.somn.core.domain.model.Season valueOf(java.lang.String)
dev.vic41148.somn.core.domain.model.ExerciseType: dev.vic41148.somn.core.domain.model.ExerciseType valueOf(java.lang.String)
dev.vic41148.somn.core.domain.model.CaffeineSource: dev.vic41148.somn.core.domain.model.CaffeineSource valueOf(java.lang.String)
dev.vic41148.somn.core.domain.model.LifeStage: dev.vic41148.somn.core.domain.model.LifeStage[] values()
dev.vic41148.somn.feature.onboarding.OnboardingViewModel$OnboardingStep: dev.vic41148.somn.feature.onboarding.OnboardingViewModel$OnboardingStep[] values()
dev.vic41148.somn.core.domain.model.BiologicalSex: dev.vic41148.somn.core.domain.model.BiologicalSex valueOf(java.lang.String)
dev.vic41148.somn.core.domain.usecase.CorrelationStrength: dev.vic41148.somn.core.domain.usecase.CorrelationStrength[] values()
dev.vic41148.somn.core.domain.model.Chronotype: dev.vic41148.somn.core.domain.model.Chronotype valueOf(java.lang.String)
dev.vic41148.somn.core.domain.model.AgreementStatus: dev.vic41148.somn.core.domain.model.AgreementStatus[] values()
dev.vic41148.somn.feature.alarm.receiver.AlarmReceiver: AlarmReceiver()
dev.vic41148.somn.feature.tracking.service.TrackingState: dev.vic41148.somn.feature.tracking.service.TrackingState[] values()
dev.vic41148.somn.core.domain.model.Season: dev.vic41148.somn.core.domain.model.Season[] values()
dev.vic41148.somn.core.domain.model.SeasonalTrendType: dev.vic41148.somn.core.domain.model.SeasonalTrendType valueOf(java.lang.String)
dev.vic41148.somn.core.domain.model.JetLagRisk: dev.vic41148.somn.core.domain.model.JetLagRisk[] values()
dev.vic41148.somn.core.domain.model.RiskColor: dev.vic41148.somn.core.domain.model.RiskColor[] values()
dev.vic41148.somn.core.domain.model.Chronotype: dev.vic41148.somn.core.domain.model.Chronotype[] values()
dev.vic41148.somn.core.domain.model.LifeStage: dev.vic41148.somn.core.domain.model.LifeStage valueOf(java.lang.String)
dev.vic41148.somn.core.data.database.SleepDatabase_Impl: SleepDatabase_Impl()
dev.vic41148.somn.core.domain.model.CaptchaType: dev.vic41148.somn.core.domain.model.CaptchaType valueOf(java.lang.String)
dev.vic41148.somn.core.domain.model.SeasonalTrendType: dev.vic41148.somn.core.domain.model.SeasonalTrendType[] values()
dev.vic41148.somn.core.domain.model.CaffeineSource: dev.vic41148.somn.core.domain.model.CaffeineSource[] values()
dev.vic41148.somn.core.domain.model.ExerciseType: dev.vic41148.somn.core.domain.model.ExerciseType[] values()
dev.vic41148.somn.core.domain.model.DebtLevel: dev.vic41148.somn.core.domain.model.DebtLevel[] values()
dev.vic41148.somn.feature.alarm.service.AlarmService: AlarmService()
dev.vic41148.somn.app.widget.MorningBriefingWidget: MorningBriefingWidget()
dev.vic41148.somn.core.domain.model.DebtTrend: dev.vic41148.somn.core.domain.model.DebtTrend[] values()
...
androidx.room.RoomDatabase$JournalMode: androidx.room.RoomDatabase$JournalMode[] values()
androidx.work.ExistingWorkPolicy: androidx.work.ExistingWorkPolicy[] values()
androidx.lifecycle.ProcessLifecycleOwner$attach$1: void onActivityCreated(android.app.Activity,android.os.Bundle)
androidx.core.view.WindowInsetsCompat$BuilderImpl29: void setMandatorySystemGestureInsets(androidx.core.graphics.Insets)
androidx.compose.ui.text.android.CanvasCompatQ: void enableZ(android.graphics.Canvas)
androidx.core.view.WindowInsetsCompat$Impl30: WindowInsetsCompat$Impl30(androidx.core.view.WindowInsetsCompat,android.view.WindowInsets)
androidx.compose.ui.platform.coreshims.ContentCaptureSessionCompat$Api29Impl: android.view.autofill.AutofillId newAutofillId(android.view.contentcapture.ContentCaptureSession,android.view.autofill.AutofillId,long)
androidx.core.view.WindowInsetsCompat$Impl20: WindowInsetsCompat$Impl20(androidx.core.view.WindowInsetsCompat,androidx.core.view.WindowInsetsCompat$Impl20)
androidx.compose.ui.platform.RenderNodeApi29VerificationHelper: void setRenderEffect(android.graphics.RenderNode,androidx.compose.ui.graphics.RenderEffect)
androidx.core.view.WindowInsetsCompat$Impl20: androidx.core.graphics.Insets getInsetsForType(int,boolean)
androidx.profileinstaller.ProfileInstallerInitializer$Choreographer16Impl: void postFrameCallback(java.lang.Runnable)
androidx.core.view.WindowInsetsCompat$Impl21: WindowInsetsCompat$Impl21(androidx.core.view.WindowInsetsCompat,androidx.core.view.WindowInsetsCompat$Impl21)
androidx.compose.foundation.text.input.internal.Api34StartStylusHandwriting: void startStylusHandwriting(android.view.inputmethod.InputMethodManager,android.view.View)
kotlin.DeprecationLevel: kotlin.DeprecationLevel valueOf(java.lang.String)
androidx.compose.ui.text.android.CanvasCompatR: boolean quickReject(android.graphics.Canvas,android.graphics.RectF)
androidx.compose.foundation.text.TextContextMenuItems: androidx.compose.foundation.text.TextContextMenuItems valueOf(java.lang.String)
androidx.core.view.WindowInsetsCompat$Impl: void setRootViewData(androidx.core.graphics.Insets)
androidx.compose.foundation.text.input.internal.HandwritingGestureApi34: int performInsertGesture(androidx.compose.foundation.text.LegacyTextFieldState,android.view.inputmethod.InsertGesture,androidx.compose.ui.platform.ViewConfiguration,kotlin.jvm.functions.Function1)
androidx.compose.foundation.layout.LayoutOrientation: androidx.compose.foundation.layout.LayoutOrientation[] values()
androidx.compose.ui.platform.AndroidComposeView: kotlin.jvm.functions.Function1 getConfigurationChangeObserver()
androidx.compose.ui.platform.ComposeView: void setContent(kotlin.jvm.functions.Function2)
androidx.core.view.WindowInsetsCompat$BuilderImpl: void setMandatorySystemGestureInsets(androidx.core.graphics.Insets)
androidx.work.impl.background.systemalarm.ConstraintProxyUpdateReceiver: ConstraintProxyUpdateReceiver()
androidx.core.view.ViewCompat$Api23Impl: androidx.core.view.WindowInsetsCompat getRootWindowInsets(android.view.View)
androidx.core.view.WindowInsetsCompat$Impl28: WindowInsetsCompat$Impl28(androidx.core.view.WindowInsetsCompat,androidx.core.view.WindowInsetsCompat$Impl28)
androidx.compose.foundation.text.input.internal.HandwritingGestureApi34: void performSelectionOnLegacyTextField-8ffj60Q(long,androidx.compose.foundation.text.selection.TextFieldSelectionManager,kotlin.jvm.functions.Function1)
androidx.core.view.WindowInsetsCompat$Impl: void setRootWindowInsets(androidx.core.view.WindowInsetsCompat)
androidx.work.impl.background.systemalarm.ConstraintProxy$NetworkStateProxy: ConstraintProxy$NetworkStateProxy()
androidx.compose.material3.tokens.ShapeKeyTokens: androidx.compose.material3.tokens.ShapeKeyTokens[] values()
androidx.core.view.WindowInsetsCompat$Impl20: void setOverriddenInsets(androidx.core.graphics.Insets[])
kotlinx.coroutines.CoroutineStart: kotlinx.coroutines.CoroutineStart valueOf(java.lang.String)