app/build/outputs/mapping/release/usage.txt
dev.vic41148.somn.app.DaggerSomnApp_HiltComponents_SingletonC$ActivityCImpl:
    public dagger.hilt.android.internal.builders.FragmentComponentBuilder fragmentComponentBuilder()
    public dagger.hilt.android.internal.builders.ViewComponentBuilder viewComponentBuilder()
dev.vic41148.somn.app.DaggerSomnApp_HiltComponents_SingletonC$FragmentCBuilder
dev.vic41148.somn.app.DaggerSomnApp_HiltComponents_SingletonC$FragmentCImpl
dev.vic41148.somn.app.DaggerSomnApp_HiltComponents_SingletonC$SingletonCImpl:
    public java.util.Set getDisableFragmentGetContextFix()
dev.vic41148.somn.app.DaggerSomnApp_HiltComponents_SingletonC$ViewCBuilder
dev.vic41148.somn.app.DaggerSomnApp_HiltComponents_SingletonC$ViewCImpl
dev.vic41148.somn.app.DaggerSomnApp_HiltComponents_SingletonC$ViewWithFragmentCBuilder
dev.vic41148.somn.app.DaggerSomnApp_HiltComponents_SingletonC$ViewWithFragmentCImpl
dev.vic41148.somn.app.DaggerSomnApp_HiltComponents_SingletonC:
    private void <init>()
dev.vic41148.somn.app.Hilt_MainActivity:
    void <init>(int)
    public synthetic bridge dagger.hilt.internal.GeneratedComponentManager componentManager()
dev.vic41148.somn.app.Hilt_SomnApp:
    public synthetic bridge dagger.hilt.internal.GeneratedComponentManager componentManager()
dev.vic41148.somn.app.MainActivity:
    public final void setProfileRepository(dev.vic41148.somn.core.data.repository.UserProfileRepository)
dev.vic41148.somn.app.MainActivity_MembersInjector:
    private final dagger.internal.Provider profileRepositoryProvider
    private void <init>(dagger.internal.Provider)
    public static dagger.MembersInjector create(dagger.internal.Provider)
    public void injectMembers(dev.vic41148.somn.app.MainActivity)
    public synthetic bridge void injectMembers(java.lang.Object)
dev.vic41148.somn.app.R$color
dev.vic41148.somn.app.R$drawable
dev.vic41148.somn.app.R$id:
    public static int widget_title
    private void <init>()
dev.vic41148.somn.app.R$layout:
    private void <init>()
dev.vic41148.somn.app.R$mipmap
dev.vic41148.somn.app.R$string
dev.vic41148.somn.app.R$style
dev.vic41148.somn.app.R$xml
dev.vic41148.somn.app.R
dev.vic41148.somn.app.SomnApp_ComponentTreeDeps
dev.vic41148.somn.app.SomnApp_HiltComponents$ActivityC$Builder
dev.vic41148.somn.app.SomnApp_HiltComponents$ActivityCBuilderModule
dev.vic41148.somn.app.SomnApp_HiltComponents$ActivityRetainedC$Builder
dev.vic41148.somn.app.SomnApp_HiltComponents$ActivityRetainedCBuilderModule
dev.vic41148.somn.app.SomnApp_HiltComponents$FragmentC$Builder
dev.vic41148.somn.app.SomnApp_HiltComponents$FragmentC
dev.vic41148.somn.app.SomnApp_HiltComponents$FragmentCBuilderModule
dev.vic41148.somn.app.SomnApp_HiltComponents$ServiceC$Builder
dev.vic41148.somn.app.SomnApp_HiltComponents$ServiceCBuilderModule
dev.vic41148.somn.app.SomnApp_HiltComponents$ViewC$Builder
dev.vic41148.somn.app.SomnApp_HiltComponents$ViewC
dev.vic41148.somn.app.SomnApp_HiltComponents$ViewCBuilderModule
dev.vic41148.somn.app.SomnApp_HiltComponents$ViewModelC$Builder
dev.vic41148.somn.app.SomnApp_HiltComponents$ViewModelCBuilderModule
dev.vic41148.somn.app.SomnApp_HiltComponents$ViewWithFragmentC$Builder
dev.vic41148.somn.app.SomnApp_HiltComponents$ViewWithFragmentC
dev.vic41148.somn.app.SomnApp_HiltComponents$ViewWithFragmentCBuilderModule
dev.vic41148.somn.app.SomnApp_HiltComponents
dev.vic41148.somn.app.di.AppModule:
    public static final int $stable
dev.vic41148.somn.app.di.AppModule_ProvideCalculateSleepScoreUseCaseFactory$InstanceHolder
dev.vic41148.somn.app.di.AppModule_ProvideCalculateSleepScoreUseCaseFactory:
    public void <init>()
    public static dev.vic41148.somn.app.di.AppModule_ProvideCalculateSleepScoreUseCaseFactory create()
    public dev.vic41148.somn.core.domain.usecase.CalculateSleepScoreUseCase get()
    public synthetic bridge java.lang.Object get()
dev.vic41148.somn.app.di.AppModule_ProvideChronotypeAssessmentUseCaseFactory$InstanceHolder
...
androidx.compose.ui.autofill.AutofillTree:
    public final void plusAssign(androidx.compose.ui.autofill.AutofillNode)
androidx.compose.ui.autofill.ContentDataType$Companion:
    public final int from-LGGHU18$ui_release(int)
    public final int getDate-A48pgw8()
    public final int getList-A48pgw8()
    public final int getNone-A48pgw8()
    public final int getToggle-A48pgw8()
androidx.compose.ui.autofill.ContentDataType:
    private final int dataType
    private synthetic void <init>(int)
    public static final synthetic int access$getDate$cp()
    public static final synthetic int access$getList$cp()
    public static final synthetic int access$getNone$cp()
    public static final synthetic int access$getToggle$cp()
    public static final synthetic androidx.compose.ui.autofill.ContentDataType box-impl(int)
    public boolean equals(java.lang.Object)
    public static boolean equals-impl(int,java.lang.Object)
    public static final boolean equals-impl0(int,int)
    public final int getDataType()
    public int hashCode()
    public static int hashCode-impl(int)
    public java.lang.String toString()
    public static java.lang.String toString-impl(int)
androidx.compose.ui.autofill.ContentType$Companion
androidx.compose.ui.autofill.ContentType:
    public static final int $stable
    private static final androidx.compose.ui.autofill.ContentType AddressAuxiliaryDetails
    private static final androidx.compose.ui.autofill.ContentType AddressCountry
    private static final androidx.compose.ui.autofill.ContentType AddressLocality
    private static final androidx.compose.ui.autofill.ContentType AddressRegion
    private static final androidx.compose.ui.autofill.ContentType AddressStreet
    private static final androidx.compose.ui.autofill.ContentType BirthDateDay
    private static final androidx.compose.ui.autofill.ContentType BirthDateFull
    private static final androidx.compose.ui.autofill.ContentType BirthDateMonth
    private static final androidx.compose.ui.autofill.ContentType BirthDateYear
    public static final androidx.compose.ui.autofill.ContentType$Companion Companion
    private static final androidx.compose.ui.autofill.ContentType CreditCardExpirationDate
    private static final androidx.compose.ui.autofill.ContentType CreditCardExpirationDay
    private static final androidx.compose.ui.autofill.ContentType CreditCardExpirationMonth
    private static final androidx.compose.ui.autofill.ContentType CreditCardExpirationYear
    private static final androidx.compose.ui.autofill.ContentType CreditCardNumber
    private static final androidx.compose.ui.autofill.ContentType CreditCardSecurityCode
androidx.compose.ui.contentcapture.AndroidContentCaptureManager:
    public final androidx.compose.ui.platform.coreshims.ContentCaptureSessionCompat getContentCaptureSession$ui_release()
    public static synthetic void getContentCaptureSession$ui_release$annotations()
    public final android.os.Handler getHandler$ui_release()
    public final kotlin.jvm.functions.Function0 getOnContentCaptureSession()
    public static synthetic void isEnabled$ui_release$annotations()
    public final void setContentCaptureSession$ui_release(androidx.compose.ui.platform.coreshims.ContentCaptureSessionCompat)
    public final void setCurrentSemanticsNodes$ui_release(androidx.collection.IntObjectMap)
    public final void setOnContentCaptureSession(kotlin.jvm.functions.Function0)
androidx.compose.ui.contentcapture.ContentCaptureManager$Companion:
    public static synthetic void isEnabled$annotations()
    public final void setEnabled(boolean)
androidx.compose.ui.draganddrop.ComposeDragShadowBuilder:
    public static final int $stable
androidx.compose.ui.draganddrop.DragAndDropManager:
    public abstract boolean drag-12SF9DM(androidx.compose.ui.draganddrop.DragAndDropTransferData,long,kotlin.jvm.functions.Function1)
    public abstract androidx.compose.ui.Modifier getModifier()